TN:
SF:script/DeployDsc.s.sol
DA:14,37
FN:14,DeployDSC.run
FNDA:37,DeployDSC.run
DA:15,37
DA:16,37
DA:17,37
DA:18,37
DA:19,37
DA:21,37
DA:23,37
DA:24,37
DA:25,37
DA:27,37
DA:28,37
FNF:1
FNH:1
LF:12
LH:12
BRF:0
BRH:0
end_of_record
TN:
SF:script/HelperConfig.s.sol
DA:24,37
FN:24,HelperConfig.constructor
FNDA:37,HelperConfig.constructor
DA:25,37
BRDA:25,0,0,-
BRDA:25,0,1,37
DA:26,0
DA:28,37
DA:32,0
FN:32,HelperConfig.getSepoliaEthConfig
FNDA:0,HelperConfig.getSepoliaEthConfig
DA:33,0
DA:42,37
FN:42,HelperConfig.getOrCreateAnvilEthConfig
FNDA:37,HelperConfig.getOrCreateAnvilEthConfig
DA:43,37
BRDA:43,1,0,-
DA:44,0
DA:47,37
DA:48,37
DA:49,37
DA:50,37
DA:52,37
DA:53,37
DA:54,37
FNF:3
FNH:2
LF:16
LH:12
BRF:3
BRH:1
end_of_record
TN:
SF:src/DSCEngine.sol
DA:96,7
FN:96,DSCEngine.moreThanZero
FNDA:7,DSCEngine.moreThanZero
DA:97,7
BRDA:97,0,0,-
DA:98,0
DA:103,11104
FN:103,DSCEngine.isAllowedToken
FNDA:11104,DSCEngine.isAllowedToken
DA:104,11104
BRDA:104,1,0,1
DA:105,1
DA:114,40
FN:114,DSCEngine.constructor
FNDA:40,DSCEngine.constructor
DA:116,40
BRDA:116,2,0,1
DA:117,1
DA:120,39
DA:121,76
DA:122,76
DA:124,39
DA:137,1
FN:137,DSCEngine.depositCollateralAndMintDsc
FNDA:1,DSCEngine.depositCollateralAndMintDsc
DA:142,1
DA:143,1
DA:152,11104
FN:152,DSCEngine.depositCollateral
FNDA:11104,DSCEngine.depositCollateral
DA:158,11103
DA:159,11103
DA:160,11103
DA:161,11103
BRDA:161,3,0,1
DA:162,1
DA:173,1
FN:173,DSCEngine.redeemCollateralForDsc
FNDA:1,DSCEngine.redeemCollateralForDsc
DA:176,1
DA:177,1
DA:182,4
FN:182,DSCEngine.redeemCollateral
FNDA:4,DSCEngine.redeemCollateral
DA:187,4
DA:189,3
DA:199,10526
FN:199,DSCEngine.mintDsc
FNDA:10526,DSCEngine.mintDsc
DA:200,10526
DA:201,10526
DA:202,10525
DA:203,10525
BRDA:203,4,0,1
DA:204,1
DA:208,3
FN:208,DSCEngine.burnDsc
FNDA:3,DSCEngine.burnDsc
DA:209,3
DA:211,2
DA:226,7
FN:226,DSCEngine.liquidate
FNDA:7,DSCEngine.liquidate
DA:232,7
DA:233,7
BRDA:233,5,0,1
DA:234,1
DA:239,6
DA:244,6
DA:245,6
DA:251,6
DA:252,6
BRDA:252,6,0,2
DA:253,2
DA:260,2
DA:262,6
DA:263,6
DA:264,5
DA:265,5
BRDA:265,7,0,1
DA:266,1
DA:268,4
DA:271,2
FN:271,DSCEngine.getHealthFactor
FNDA:2,DSCEngine.getHealthFactor
DA:272,2
DA:279,9
FN:279,DSCEngine._burnDsc
FNDA:9,DSCEngine._burnDsc
DA:281,9
BRDA:281,8,0,1
DA:282,1
DA:284,8
DA:285,8
DA:286,7
BRDA:286,9,0,-
DA:287,0
DA:289,7
DA:292,10
FN:292,DSCEngine._redeemCollateral
FNDA:10,DSCEngine._redeemCollateral
DA:295,10
DA:296,9
DA:297,9
DA:298,9
BRDA:298,10,0,-
DA:299,0
DA:303,21484
FN:303,DSCEngine._getAccountInformation
FNDA:21484,DSCEngine._getAccountInformation
DA:308,21484
DA:309,21484
DA:317,10549
FN:317,DSCEngine._healthFactor
FNDA:10549,DSCEngine._healthFactor
DA:320,10549
DA:321,10549
DA:329,10549
BRDA:329,11,0,6
DA:330,6
DA:332,10543
DA:337,10535
FN:337,DSCEngine._revertIfHealthFactorIsBroken
FNDA:10535,DSCEngine._revertIfHealthFactorIsBroken
DA:341,10535
DA:342,10535
BRDA:342,12,0,2
DA:343,2
DA:351,4
FN:351,DSCEngine.getAccountCollateralValue
FNDA:4,DSCEngine.getAccountCollateralValue
DA:354,21488
DA:355,42975
DA:356,42975
DA:357,42975
DA:359,0
DA:362,10750
FN:362,DSCEngine.getCollateralBalanceOfUser
FNDA:10750,DSCEngine.getCollateralBalanceOfUser
DA:363,10750
DA:366,3
FN:366,DSCEngine.getUsdValue
FNDA:3,DSCEngine.getUsdValue
DA:367,42978
DA:368,42978
DA:370,42978
DA:373,4
FN:373,DSCEngine.getTokenAmountFromUsd
FNDA:4,DSCEngine.getTokenAmountFromUsd
DA:376,10
DA:377,10
DA:378,10
DA:381,10935
FN:381,DSCEngine.getAccountInformation
FNDA:10935,DSCEngine.getAccountInformation
DA:386,10935
DA:389,0
FN:389,DSCEngine.getPrecision
FNDA:0,DSCEngine.getPrecision
DA:390,0
DA:393,0
FN:393,DSCEngine.getAdditionalFeedPrecision
FNDA:0,DSCEngine.getAdditionalFeedPrecision
DA:394,0
DA:397,10928
FN:397,DSCEngine.getLiquidationThreshold
FNDA:10928,DSCEngine.getLiquidationThreshold
DA:398,10928
DA:401,0
FN:401,DSCEngine.getLiquidationBonus
FNDA:0,DSCEngine.getLiquidationBonus
DA:402,0
DA:405,10928
FN:405,DSCEngine.getLiquidationPrecision
FNDA:10928,DSCEngine.getLiquidationPrecision
DA:406,10928
DA:409,0
FN:409,DSCEngine.getMinHealthFactor
FNDA:0,DSCEngine.getMinHealthFactor
DA:410,0
DA:413,2
FN:413,DSCEngine.getCollateralTokens
FNDA:2,DSCEngine.getCollateralTokens
DA:414,2
DA:417,0
FN:417,DSCEngine.getDsc
FNDA:0,DSCEngine.getDsc
DA:418,0
DA:421,2
FN:421,DSCEngine.getCollateralTokenPriceFeed
FNDA:2,DSCEngine.getCollateralTokenPriceFeed
DA:422,2
FNF:30
FNH:25
LF:119
LH:105
BRF:13
BRH:10
end_of_record
TN:
SF:src/DecentralizedStableCoin.sol
DA:58,10
FN:58,DecentralizedStableCoin.burn
FNDA:10,DecentralizedStableCoin.burn
DA:59,9
DA:60,9
BRDA:60,0,0,1
DA:61,1
DA:63,8
BRDA:63,1,0,1
DA:64,1
DA:66,7
DA:69,10526
FN:69,DecentralizedStableCoin.mint
FNDA:10526,DecentralizedStableCoin.mint
DA:70,10525
BRDA:70,2,0,1
DA:71,1
DA:73,10524
BRDA:73,3,0,-
DA:74,0
DA:76,10524
DA:77,10524
FNF:2
FNH:2
LF:14
LH:13
BRF:4
BRH:3
end_of_record
TN:
SF:src/libraries/oracleLib.sol
DA:19,42988
FN:19,OracleLib.staleCheckLatestRoundData
FNDA:42988,OracleLib.staleCheckLatestRoundData
DA:24,42988
DA:25,42988
DA:26,42988
DA:27,42988
BRDA:27,0,0,-
DA:28,42988
FNF:1
FNH:1
LF:6
LH:6
BRF:1
BRH:0
end_of_record
TN:
SF:test/fuzz/Handler.t.sol
DA:23,2
FN:23,Handler.constructor
FNDA:2,Handler.constructor
DA:24,2
DA:25,2
DA:27,2
DA:28,2
DA:29,2
DA:31,2
DA:34,11228
FN:34,Handler.mintDsc
FNDA:11228,Handler.mintDsc
DA:35,11228
BRDA:35,0,0,11228
DA:36,11228
DA:39,10928
DA:40,10928
DA:43,10928
DA:44,10928
DA:47,10928
BRDA:47,1,0,153
DA:48,153
DA:52,10775
DA:53,10775
BRDA:53,2,0,299
DA:54,299
DA:57,10476
DA:58,10476
DA:59,10476
DA:60,10476
DA:86,11046
FN:86,Handler.depositCollateral
FNDA:11046,Handler.depositCollateral
DA:87,11046
DA:88,11046
DA:89,11046
DA:90,11046
DA:91,11046
DA:92,11046
DA:93,11046
DA:94,11046
DA:99,10750
FN:99,Handler.redeemCollateral
FNDA:10750,Handler.redeemCollateral
DA:100,10750
DA:101,10750
DA:102,10750
DA:103,10750
BRDA:103,3,0,10750
DA:104,10750
DA:106,0
DA:115,21796
FN:115,Handler._getCollateralFromSeed
FNDA:21796,Handler._getCollateralFromSeed
DA:116,21796
BRDA:116,4,0,12734
DA:117,12734
DA:119,9062
FNF:5
FNH:5
LF:43
LH:42
BRF:5
BRH:5
end_of_record
TN:
SF:test/mocks/MockERC20ReturnFalse.sol
DA:10,1
FN:10,ERC20ReturnFalseMock.transferFrom
FNDA:1,ERC20ReturnFalseMock.transferFrom
DA:11,1
FNF:1
FNH:1
LF:2
LH:2
BRF:0
BRH:0
end_of_record
TN:
SF:test/mocks/MockFailedMintDSC.sol
DA:12,0
FN:12,MockFailedMintDSC.burn
FNDA:0,MockFailedMintDSC.burn
DA:13,0
DA:16,1
FN:16,MockFailedMintDSC.mint
FNDA:1,MockFailedMintDSC.mint
DA:18,1
FNF:2
FNH:1
LF:4
LH:2
BRF:0
BRH:0
end_of_record
TN:
SF:test/mocks/MockV3Aggregator.sol
DA:24,74
FN:24,MockV3Aggregator.constructor
FNDA:74,MockV3Aggregator.constructor
DA:25,74
DA:26,74
DA:29,81
FN:29,MockV3Aggregator.updateAnswer
FNDA:81,MockV3Aggregator.updateAnswer
DA:30,81
DA:31,81
DA:32,81
DA:33,81
DA:34,81
DA:35,81
DA:38,0
FN:38,MockV3Aggregator.updateRoundData
FNDA:0,MockV3Aggregator.updateRoundData
DA:39,0
DA:40,0
DA:41,0
DA:42,0
DA:43,0
DA:44,0
DA:47,0
FN:47,MockV3Aggregator.getRoundData
FNDA:0,MockV3Aggregator.getRoundData
DA:52,0
DA:55,42988
FN:55,MockV3Aggregator.latestRoundData
FNDA:42988,MockV3Aggregator.latestRoundData
DA:60,42988
DA:69,0
FN:69,MockV3Aggregator.description
FNDA:0,MockV3Aggregator.description
DA:70,0
FNF:6
FNH:3
LF:23
LH:12
BRF:0
BRH:0
end_of_record
